build/app/outputs/mapping/release/seeds.txt
com.palmistrylive.readings.MainActivity
com.palmistrylive.readings.MainActivity: MainActivity()
...
io.flutter.embedding.engine.renderer.FlutterRenderer$ImageTextureRegistryEntry: long id()
androidx.window.layout.SidecarWindowBackend$Companion: androidx.window.layout.SidecarWindowBackend getInstance(android.content.Context)
io.flutter.embedding.engine.FlutterJNI: io.flutter.view.FlutterCallbackInformation nativeLookupCallbackInformation(long)
androidx.window.layout.WindowMetricsCalculator$Companion$overrideDecorator$1: androidx.window.layout.WindowMetricsCalculator invoke(androidx.window.layout.WindowMetricsCalculator)
androidx.window.layout.WindowMetrics: android.graphics.Rect getBounds()
kotlinx.coroutines.internal.OpDescriptor: OpDescriptor()
io.flutter.embedding.engine.FlutterJNI: void setPlatformMessageHandler(io.flutter.embedding.engine.dart.PlatformMessageHandler)
androidx.window.java.layout.WindowInfoTrackerCallbackAdapter: void addListener(java.util.concurrent.Executor,androidx.core.util.Consumer,kotlinx.coroutines.flow.Flow)
androidx.core.app.AppOpsManagerCompat$Api29Impl: java.lang.String getOpPackageName(android.content.Context)
io.flutter.view.TextureRegistry$SurfaceProducer: void setSize(int,int)
androidx.window.embedding.ActivityFilter: boolean equals(java.lang.Object)
kotlin.jvm.internal.CallableReference: boolean isSuspend()
androidx.arch.core.internal.SafeIterableMap: SafeIterableMap()
androidx.core.content.ContextCompat$Api28Impl: java.util.concurrent.Executor getMainExecutor(android.content.Context)
kotlin.jvm.internal.CallableReference: CallableReference()
kotlin.jvm.internal.FunctionReferenceImpl: FunctionReferenceImpl(int,java.lang.Class,java.lang.String,java.lang.String,int)
kotlin.jvm.internal.CallableReference: CallableReference(java.lang.Object,java.lang.Class,java.lang.String,java.lang.String,boolean)
androidx.window.embedding.SplitController: void clearRegisteredRules()
androidx.window.layout.SidecarWindowBackend$WindowLayoutChangeCallbackWrapper: android.app.Activity getActivity()
androidx.window.embedding.ActivityRule: boolean equals(java.lang.Object)
io.flutter.plugin.platform.SingleViewPresentation: void onCreate(android.os.Bundle)
io.flutter.embedding.engine.renderer.FlutterRenderer$ImageReaderSurfaceProducer: int getHeight()
androidx.window.layout.SidecarCompat: boolean validateExtensionInterface()
androidx.core.view.ViewCompat$Api28Impl: void addOnUnhandledKeyEventListener(android.view.View,androidx.core.view.ViewCompat$OnUnhandledKeyEventListenerCompat)
io.flutter.embedding.engine.renderer.FlutterRenderer$ImageReaderSurfaceProducer: android.media.ImageReader createImageReader29()
androidx.core.view.ViewCompat$Api21Impl: void setOnApplyWindowInsetsListener(android.view.View,androidx.core.view.OnApplyWindowInsetsListener)
androidx.window.layout.SidecarCompat: SidecarCompat(android.content.Context)
io.flutter.embedding.engine.FlutterJNI: void init(android.content.Context,java.lang.String[],java.lang.String,java.lang.String,java.lang.String,long)
androidx.window.layout.SidecarWindowBackend$Companion: SidecarWindowBackend$Companion()
androidx.window.layout.WindowMetricsCalculatorCompat: android.view.DisplayCutout getCutoutForDisplay(android.view.Display)
io.flutter.embedding.engine.renderer.FlutterRenderer$DisplayFeatureType: io.flutter.embedding.engine.renderer.FlutterRenderer$DisplayFeatureType[] values()
io.flutter.embedding.engine.FlutterEngineGroupCache: FlutterEngineGroupCache()
io.flutter.embedding.engine.renderer.FlutterRenderer$DisplayFeatureState: io.flutter.embedding.engine.renderer.FlutterRenderer$DisplayFeatureState valueOf(java.lang.String)
androidx.core.view.WindowInsetsCompat$TypeImpl30: int toPlatformType(int)
androidx.window.layout.SidecarWindowBackend: void getWindowLayoutChangeCallbacks$annotations()
io.flutter.plugin.editing.ImeSyncDeferringInsetsCallback: ImeSyncDeferringInsetsCallback(android.view.View)