build/app/outputs/mapping/release/mapping.txt
# compiler: R8
# compiler_version: 3.3.70
# min_api: 19
# common_typos_disable
# {"id":"com.android.tools.r8.mapping","version":"2.0"}
# pg_map_id: c1a0bb8
# pg_map_hash: SHA-256 c1a0bb8ec1e37c129dcad6a1ac11fbc68e7bd3808295d650e9e503fca1aac9fd
...
androidx.window.layout.SidecarWindowBackend$WindowLayoutChangeCallbackWrapper -> androidx.window.layout.SidecarWindowBackend$WindowLayoutChangeCallbackWrapper:
    void $r8$lambda$jkQHaIq6yFprTVBW9h6wk0oO_6g(androidx.window.layout.SidecarWindowBackend$WindowLayoutChangeCallbackWrapper,androidx.window.layout.WindowLayoutInfo) -> a
      # {"id":"com.android.tools.r8.synthesized"}
androidx.window.layout.SidecarWindowBackend$WindowLayoutChangeCallbackWrapper$$ExternalSyntheticLambda0 -> androidx.window.layout.d:
# {"id":"sourceFile","fileName":"R8$$SyntheticClass"}
# {"id":"com.android.tools.r8.synthesized"}
    androidx.window.layout.SidecarWindowBackend$WindowLayoutChangeCallbackWrapper androidx.window.layout.SidecarWindowBackend$WindowLayoutChangeCallbackWrapper$$InternalSyntheticLambda$1$5b297a89a87dc75c426200de0eed5984b5587cef241f854e8c1c129f35b724d6$0.f$0 -> d
    androidx.window.layout.WindowLayoutInfo androidx.window.layout.SidecarWindowBackend$WindowLayoutChangeCallbackWrapper$$InternalSyntheticLambda$1$5b297a89a87dc75c426200de0eed5984b5587cef241f854e8c1c129f35b724d6$0.f$1 -> e
    void androidx.window.layout.SidecarWindowBackend$WindowLayoutChangeCallbackWrapper$$InternalSyntheticLambda$1$5b297a89a87dc75c426200de0eed5984b5587cef241f854e8c1c129f35b724d6$0.<init>(androidx.window.layout.SidecarWindowBackend$WindowLayoutChangeCallbackWrapper,androidx.window.layout.WindowLayoutInfo) -> <init>
      # {"id":"com.android.tools.r8.synthesized"}
    void androidx.window.layout.SidecarWindowBackend$WindowLayoutChangeCallbackWrapper$$InternalSyntheticLambda$1$5b297a89a87dc75c426200de0eed5984b5587cef241f854e8c1c129f35b724d6$0.run() -> run
      # {"id":"com.android.tools.r8.synthesized"}
androidx.window.layout.WindowInfoTracker$-CC -> androidx.window.layout.e:
# {"id":"sourceFile","fileName":"R8$$SyntheticClass"}
# {"id":"com.android.tools.r8.synthesized"}
    void <clinit>() -> <clinit>
      # {"id":"com.android.tools.r8.synthesized"}
    androidx.window.layout.WindowInfoTracker getOrCreate(android.content.Context) -> a
      # {"id":"com.android.tools.r8.synthesized"}
    void overrideDecorator(androidx.window.layout.WindowInfoTrackerDecorator) -> b
      # {"id":"com.android.tools.r8.synthesized"}
    void reset() -> c
      # {"id":"com.android.tools.r8.synthesized"}
androidx.window.layout.WindowInfoTrackerImpl$windowLayoutInfo$1 -> androidx.window.layout.WindowInfoTrackerImpl$windowLayoutInfo$1:
    void $r8$lambda$LgDWJbk4b494d79uZZm3iJ0WM6A(kotlinx.coroutines.channels.Channel,androidx.window.layout.WindowLayoutInfo) -> b
      # {"id":"com.android.tools.r8.synthesized"}
androidx.window.layout.WindowInfoTrackerImpl$windowLayoutInfo$1$$ExternalSyntheticLambda0 -> androidx.window.layout.f:
# {"id":"sourceFile","fileName":"R8$$SyntheticClass"}
# {"id":"com.android.tools.r8.synthesized"}
    kotlinx.coroutines.channels.Channel androidx.window.layout.WindowInfoTrackerImpl$windowLayoutInfo$1$$InternalSyntheticLambda$1$5eed977099402dd0630f468cdc7dbc00c97a3870a6a03630bb84a9e1c0afeca0$0.f$0 -> a
    void androidx.window.layout.WindowInfoTrackerImpl$windowLayoutInfo$1$$InternalSyntheticLambda$1$5eed977099402dd0630f468cdc7dbc00c97a3870a6a03630bb84a9e1c0afeca0$0.<init>(kotlinx.coroutines.channels.Channel) -> <init>
      # {"id":"com.android.tools.r8.synthesized"}
    void androidx.window.layout.WindowInfoTrackerImpl$windowLayoutInfo$1$$InternalSyntheticLambda$1$5eed977099402dd0630f468cdc7dbc00c97a3870a6a03630bb84a9e1c0afeca0$0.accept(java.lang.Object) -> accept
      # {"id":"com.android.tools.r8.synthesized"}