build/app/outputs/mapping/release/usage.txt
com.palmistrylive.readings.BuildConfig
com.palmistrylive.readings.R$attr
com.palmistrylive.readings.R$color
com.palmistrylive.readings.R$dimen
com.palmistrylive.readings.R$drawable
com.palmistrylive.readings.R$id
com.palmistrylive.readings.R$integer
com.palmistrylive.readings.R$layout
com.palmistrylive.readings.R$mipmap
com.palmistrylive.readings.R$string
com.palmistrylive.readings.R$style
com.palmistrylive.readings.R$styleable
com.palmistrylive.readings.R$xml
com.palmistrylive.readings.R
...
androidx.viewpager.widget.PagerTitleStrip$PageListener
androidx.viewpager.widget.PagerTitleStrip$SingleLineAllCapsTransform
androidx.viewpager.widget.PagerTitleStrip
androidx.viewpager.widget.ViewPager$1
androidx.viewpager.widget.ViewPager$2
androidx.viewpager.widget.ViewPager$3
androidx.viewpager.widget.ViewPager$4
androidx.viewpager.widget.ViewPager$DecorView
androidx.viewpager.widget.ViewPager$ItemInfo
androidx.viewpager.widget.ViewPager$LayoutParams
androidx.viewpager.widget.ViewPager$MyAccessibilityDelegate
androidx.viewpager.widget.ViewPager$OnAdapterChangeListener
androidx.viewpager.widget.ViewPager$OnPageChangeListener
androidx.viewpager.widget.ViewPager$PageTransformer
androidx.viewpager.widget.ViewPager$PagerObserver
androidx.viewpager.widget.ViewPager$SavedState$1
androidx.viewpager.widget.ViewPager$SavedState
androidx.viewpager.widget.ViewPager$SimpleOnPageChangeListener
androidx.viewpager.widget.ViewPager$ViewPositionComparator
androidx.viewpager.widget.ViewPager
com.google.common.util.concurrent.ListenableFuture
dev.fluttercommunity.plus.share.BuildConfig
dev.fluttercommunity.plus.share.R$attr
dev.fluttercommunity.plus.share.R$color
dev.fluttercommunity.plus.share.R$dimen
dev.fluttercommunity.plus.share.R$drawable
dev.fluttercommunity.plus.share.R$id
dev.fluttercommunity.plus.share.R$integer
dev.fluttercommunity.plus.share.R$layout
dev.fluttercommunity.plus.share.R$string
dev.fluttercommunity.plus.share.R$style
dev.fluttercommunity.plus.share.R$styleable
dev.fluttercommunity.plus.share.R$xml
dev.fluttercommunity.plus.share.R
dev.fluttercommunity.plus.share.SharePlusPlugin:
    private static final java.lang.String CHANNEL
dev.fluttercommunity.plus.share.ShareSuccessManager:
    public static final int ACTIVITY_CODE
    public static final java.lang.String RESULT_UNAVAILABLE
io.flutter.BuildConfig
io.flutter.FlutterInjector$Builder:
    public io.flutter.FlutterInjector$Builder setDeferredComponentManager(io.flutter.embedding.engine.deferredcomponents.DeferredComponentManager)
    public io.flutter.FlutterInjector$Builder setExecutorService(java.util.concurrent.ExecutorService)
    public io.flutter.FlutterInjector$Builder setFlutterJNIFactory(io.flutter.embedding.engine.FlutterJNI$Factory)
    public io.flutter.FlutterInjector$Builder setFlutterLoader(io.flutter.embedding.engine.loader.FlutterLoader)
io.flutter.FlutterInjector:
    public static void reset()
    public static void setInstance(io.flutter.FlutterInjector)
io.flutter.Log:
    public void <init>()
    public static void d(java.lang.String,java.lang.String,java.lang.Throwable)
    public static void i(java.lang.String,java.lang.String,java.lang.Throwable)
    public static void println(int,java.lang.String,java.lang.String)
    public static void setLogLevel(int)
    public static void v(java.lang.String,java.lang.String,java.lang.Throwable)
    public static void wtf(java.lang.String,java.lang.String)
    public static void wtf(java.lang.String,java.lang.String,java.lang.Throwable)
io.flutter.app.FlutterActivity
io.flutter.app.FlutterActivityDelegate$1$1
io.flutter.app.FlutterActivityDelegate$1
io.flutter.app.FlutterActivityDelegate$ViewFactory
io.flutter.app.FlutterActivityDelegate
io.flutter.app.FlutterActivityEvents
io.flutter.app.FlutterApplication
io.flutter.app.FlutterFragmentActivity
io.flutter.app.FlutterPlayStoreSplitApplication
io.flutter.app.FlutterPluginRegistry$FlutterRegistrar
io.flutter.app.FlutterPluginRegistry
io.flutter.embedding.android.AndroidTouchProcessor$PointerChange
io.flutter.embedding.android.AndroidTouchProcessor$PointerDeviceKind
io.flutter.embedding.android.AndroidTouchProcessor$PointerSignalKind